<?xml version="1.0" encoding="UTF-8"?>
<!-- Generated by org.testng.reporters.JUnitReportReporter -->
<testsuite hostname="CFLNAVALUR4917" failures="0" tests="2" name="com.qa.testscripts.TC_Google_Travel_005" time="27.128" errors="0" timestamp="2023-11-27T10:00:40 IST" skipped="0">
  <testcase classname="com.qa.testscripts.TC_Google_Travel_005" name="main" time="5.038"/>
  <system-out/>
  <testcase classname="com.qa.testscripts.TC_Google_Travel_005" name="Flights" time="22.090"/>
  <system-out/>
</testsuite> <!-- com.qa.testscripts.TC_Google_Travel_005 -->
