<?xml version="1.0" encoding="UTF-8"?>
<!-- Generated by org.testng.reporters.JUnitReportReporter -->
<testsuite hostname="pulceon1809" failures="0" tests="4" name="com.qa.testscripts.TC_Google_Travel_014" time="46.212" errors="0" timestamp="2024-07-10T10:34:15 IST" skipped="0">
  <testcase classname="com.qa.testscripts.TC_Google_Travel_014" name="Search" time="2.171"/>
  <system-out/>
  <testcase classname="com.qa.testscripts.TC_Google_Travel_014" name="Menu" time="13.167"/>
  <system-out/>
  <testcase classname="com.qa.testscripts.TC_Google_Travel_014" name="HelpTopic" time="18.876"/>
  <system-out/>
  <testcase classname="com.qa.testscripts.TC_Google_Travel_014" name="SelectLang" time="11.998"/>
  <system-out/>
</testsuite> <!-- com.qa.testscripts.TC_Google_Travel_014 -->
