<?xml version="1.0" encoding="UTF-8"?>
<!-- Generated by org.testng.reporters.JUnitReportReporter -->
<testsuite hostname="pulceon1809" failures="0" tests="3" name="com.qa.testscripts.TC_GT_SearchFunctionality_Excel" time="55.591" errors="0" timestamp="2024-07-08T17:13:24 IST" skipped="0">
  <testcase classname="com.qa.testscripts.TC_GT_SearchFunctionality_Excel" name="SearchItem" time="22.456"/>
  <system-out/>
  <testcase classname="com.qa.testscripts.TC_GT_SearchFunctionality_Excel" name="SearchItem" time="16.282"/>
  <system-out/>
  <testcase classname="com.qa.testscripts.TC_GT_SearchFunctionality_Excel" name="SearchItem" time="16.853"/>
  <system-out/>
</testsuite> <!-- com.qa.testscripts.TC_GT_SearchFunctionality_Excel -->
