<?xml version="1.0" encoding="UTF-8"?>
<!-- Generated by org.testng.reporters.JUnitReportReporter -->
<testsuite hostname="pulceon1809" failures="0" tests="5" name="com.qa.testscripts.TC_GT_ExploreFunctionality_Location_002" time="61.260" errors="0" timestamp="2024-07-09T11:41:03 IST" skipped="0">
  <testcase classname="com.qa.testscripts.TC_GT_ExploreFunctionality_Location_002" name="main" time="5.194"/>
  <system-out/>
  <testcase classname="com.qa.testscripts.TC_GT_ExploreFunctionality_Location_002" name="Explore" time="29.958"/>
  <system-out/>
  <testcase classname="com.qa.testscripts.TC_GT_ExploreFunctionality_Location_002" name="Location" time="8.543"/>
  <system-out/>
  <testcase classname="com.qa.testscripts.TC_GT_ExploreFunctionality_Location_002" name="Location1" time="11.280"/>
  <system-out/>
  <testcase classname="com.qa.testscripts.TC_GT_ExploreFunctionality_Location_002" name="WhenToVist" time="6.285"/>
  <system-out/>
</testsuite> <!-- com.qa.testscripts.TC_GT_ExploreFunctionality_Location_002 -->
