<?xml version="1.0" encoding="UTF-8"?>
<!-- Generated by org.testng.reporters.JUnitReportReporter -->
<testsuite hostname="pulceon1809" failures="0" tests="3" name="com.qa.testscripts.TC_Google_Travel_013" time="32.165" errors="0" timestamp="2024-07-10T10:20:42 IST" skipped="0">
  <testcase classname="com.qa.testscripts.TC_Google_Travel_013" name="Search" time="2.155"/>
  <system-out/>
  <testcase classname="com.qa.testscripts.TC_Google_Travel_013" name="Menu" time="9.587"/>
  <system-out/>
  <testcase classname="com.qa.testscripts.TC_Google_Travel_013" name="HelpTopic" time="20.423"/>
  <system-out/>
</testsuite> <!-- com.qa.testscripts.TC_Google_Travel_013 -->
