<?xml version="1.0" encoding="UTF-8"?>
<!-- Generated by org.testng.reporters.JUnitReportReporter -->
<testsuite hostname="CFLNAVALUR4917" failures="0" tests="4" name="com.qa.testscripts.TC_Google_Travel_003" time="46.414" errors="0" timestamp="2023-11-21T15:39:31 IST" skipped="0">
  <testcase classname="com.qa.testscripts.TC_Google_Travel_003" name="main" time="5.041"/>
  <system-out/>
  <testcase classname="com.qa.testscripts.TC_Google_Travel_003" name="Explore" time="23.345"/>
  <system-out/>
  <testcase classname="com.qa.testscripts.TC_Google_Travel_003" name="Location" time="8.293"/>
  <system-out/>
  <testcase classname="com.qa.testscripts.TC_Google_Travel_003" name="Location1" time="9.735"/>
  <system-out/>
</testsuite> <!-- com.qa.testscripts.TC_Google_Travel_003 -->
