<?xml version="1.0" encoding="UTF-8"?>
<!-- Generated by org.testng.reporters.JUnitReportReporter -->
<testsuite hostname="pulceon1809" failures="0" tests="4" name="com.qa.testscripts.TC_GT_HotelsFunctionality_Filters_001" time="49.654" errors="0" timestamp="2024-07-08T17:47:09 IST" skipped="0">
  <testcase classname="com.qa.testscripts.TC_GT_HotelsFunctionality_Filters_001" name="Browser" time="2.226"/>
  <system-out/>
  <testcase classname="com.qa.testscripts.TC_GT_HotelsFunctionality_Filters_001" name="HotelsFunctionality" time="27.225"/>
  <system-out/>
  <testcase classname="com.qa.testscripts.TC_GT_HotelsFunctionality_Filters_001" name="HotelsFunFilter" time="13.313"/>
  <system-out/>
  <testcase classname="com.qa.testscripts.TC_GT_HotelsFunctionality_Filters_001" name="HotelsFunAdults" time="6.890"/>
  <system-out/>
</testsuite> <!-- com.qa.testscripts.TC_GT_HotelsFunctionality_Filters_001 -->
