<?xml version="1.0" encoding="UTF-8"?>
<!-- Generated by org.testng.reporters.JUnitReportReporter -->
<testsuite hostname="CFLNAVALUR4917" failures="0" tests="5" name="com.qa.testscripts.TC_Google_Travel_007" time="70.683" errors="0" timestamp="2023-11-27T10:08:03 IST" skipped="0">
  <testcase classname="com.qa.testscripts.TC_Google_Travel_007" name="main" time="5.020"/>
  <system-out/>
  <testcase classname="com.qa.testscripts.TC_Google_Travel_007" name="Flights" time="21.854"/>
  <system-out/>
  <testcase classname="com.qa.testscripts.TC_Google_Travel_007" name="FlightsFromTo" time="12.477"/>
  <system-out/>
  <testcase classname="com.qa.testscripts.TC_Google_Travel_007" name="FlightDates" time="19.874"/>
  <system-out/>
  <testcase classname="com.qa.testscripts.TC_Google_Travel_007" name="FlightsCheck" time="11.458"/>
  <system-out/>
</testsuite> <!-- com.qa.testscripts.TC_Google_Travel_007 -->
