<?xml version="1.0" encoding="UTF-8"?>
<!-- Generated by org.testng.reporters.JUnitReportReporter -->
<testsuite hostname="pulceon1809" failures="0" tests="3" name="com.qa.testscripts.TC_GT_VacationRentals_Search_001" time="26.547" errors="0" timestamp="2024-07-10T10:46:57 IST" skipped="0">
  <testcase classname="com.qa.testscripts.TC_GT_VacationRentals_Search_001" name="main" time="5.157"/>
  <system-out/>
  <testcase classname="com.qa.testscripts.TC_GT_VacationRentals_Search_001" name="VactionRentals" time="11.065"/>
  <system-out/>
  <testcase classname="com.qa.testscripts.TC_GT_VacationRentals_Search_001" name="SearchTextField1" time="10.325"/>
  <system-out/>
</testsuite> <!-- com.qa.testscripts.TC_GT_VacationRentals_Search_001 -->
