<?xml version="1.0" encoding="UTF-8"?>
<!-- Generated by org.testng.reporters.JUnitReportReporter -->
<testsuite hostname="pulceon1809" failures="0" tests="9" name="com.qa.testscripts.TC_GT_HotelsFunctionality_Filters_002" time="72.147" errors="0" timestamp="2024-07-09T10:16:01 IST" skipped="0">
  <testcase classname="com.qa.testscripts.TC_GT_HotelsFunctionality_Filters_002" name="Browser" time="2.158"/>
  <system-out/>
  <testcase classname="com.qa.testscripts.TC_GT_HotelsFunctionality_Filters_002" name="HotelsFunctionality" time="27.275"/>
  <system-out/>
  <testcase classname="com.qa.testscripts.TC_GT_HotelsFunctionality_Filters_002" name="HotelsFunFilter" time="13.560"/>
  <system-out/>
  <testcase classname="com.qa.testscripts.TC_GT_HotelsFunctionality_Filters_002" name="HotelsFunAdults" time="6.919"/>
  <system-out/>
  <testcase classname="com.qa.testscripts.TC_GT_HotelsFunctionality_Filters_002" name="RatingFilter" time="9.834"/>
  <system-out/>
  <testcase classname="com.qa.testscripts.TC_GT_HotelsFunctionality_Filters_002" name="Amenities" time="4.605"/>
  <system-out/>
  <testcase classname="com.qa.testscripts.TC_GT_HotelsFunctionality_Filters_002" name="HotelStar" time="2.548"/>
  <system-out/>
  <testcase classname="com.qa.testscripts.TC_GT_HotelsFunctionality_Filters_002" name="HotelResult" time="2.780"/>
  <system-out/>
  <testcase classname="com.qa.testscripts.TC_GT_HotelsFunctionality_Filters_002" name="HotelDirections" time="2.468"/>
  <system-out/>
</testsuite> <!-- com.qa.testscripts.TC_GT_HotelsFunctionality_Filters_002 -->
