<?xml version="1.0" encoding="UTF-8"?>
<!-- Generated by org.testng.reporters.JUnitReportReporter -->
<testsuite hostname="CFLNAVALUR4917" failures="0" tests="6" name="com.qa.testscripts.TC_Google_Travel_010" time="72.192" errors="0" timestamp="2023-11-27T11:59:45 IST" skipped="0">
  <testcase classname="com.qa.testscripts.TC_Google_Travel_010" name="main" time="5.021"/>
  <system-out/>
  <testcase classname="com.qa.testscripts.TC_Google_Travel_010" name="FlightsFromTo" time="12.683"/>
  <system-out/>
  <testcase classname="com.qa.testscripts.TC_Google_Travel_010" name="Flights" time="21.665"/>
  <system-out/>
  <testcase classname="com.qa.testscripts.TC_Google_Travel_010" name="FlightDates" time="19.344"/>
  <system-out/>
  <testcase classname="com.qa.testscripts.TC_Google_Travel_010" name="FlightFilters" time="7.224"/>
  <system-out/>
  <testcase classname="com.qa.testscripts.TC_Google_Travel_010" name="Filters" time="6.255"/>
  <system-out/>
</testsuite> <!-- com.qa.testscripts.TC_Google_Travel_010 -->
