<?xml version="1.0" encoding="UTF-8"?>
<!-- Generated by org.testng.reporters.JUnitReportReporter -->
<testsuite hostname="CFLNAVALUR4917" failures="0" tests="1" name="com.qa.testscripts.TC_Google_Travel_001" time="11.509" errors="0" timestamp="2023-11-21T14:41:55 IST" skipped="0">
  <testcase classname="com.qa.testscripts.TC_Google_Travel_001" name="main" time="11.509"/>
  <system-out/>
</testsuite> <!-- com.qa.testscripts.TC_Google_Travel_001 -->
