<?xml version="1.0" encoding="UTF-8"?>
<!-- Generated by org.testng.reporters.JUnitReportReporter -->
<testsuite hostname="pulceon1809" failures="0" tests="2" name="com.qa.testscripts.TC_GT_FlightFunctionality_Filters_001" time="23.280" errors="0" timestamp="2024-07-10T14:50:55 IST" skipped="0">
  <testcase classname="com.qa.testscripts.TC_GT_FlightFunctionality_Filters_001" name="main" time="2.167"/>
  <system-out/>
  <testcase classname="com.qa.testscripts.TC_GT_FlightFunctionality_Filters_001" name="Flights" time="21.113"/>
  <system-out/>
</testsuite> <!-- com.qa.testscripts.TC_GT_FlightFunctionality_Filters_001 -->
