<?xml version="1.0" encoding="UTF-8"?>
<!-- Generated by org.testng.reporters.JUnitReportReporter -->
<testsuite hostname="pulceon1809" failures="0" tests="2" name="com.qa.testscripts.TC_GT_HotelsFunctionality_ValidData_001" time="28.170" errors="0" timestamp="2024-07-08T17:35:56 IST" skipped="0">
  <testcase classname="com.qa.testscripts.TC_GT_HotelsFunctionality_ValidData_001" name="Browser" time="2.209"/>
  <system-out/>
  <testcase classname="com.qa.testscripts.TC_GT_HotelsFunctionality_ValidData_001" name="HotelsFunctionality" time="25.961"/>
  <system-out/>
</testsuite> <!-- com.qa.testscripts.TC_GT_HotelsFunctionality_ValidData_001 -->
