<?xml version="1.0" encoding="UTF-8"?>
<!-- Generated by org.testng.reporters.JUnitReportReporter -->
<testsuite hostname="pulceon1809" failures="0" tests="2" name="com.qa.testscripts.TC_GT_ExploreFunctionality_ValidData_001" time="32.989" errors="0" timestamp="2024-07-09T11:31:57 IST" skipped="0">
  <testcase classname="com.qa.testscripts.TC_GT_ExploreFunctionality_ValidData_001" name="main" time="5.175"/>
  <system-out/>
  <testcase classname="com.qa.testscripts.TC_GT_ExploreFunctionality_ValidData_001" name="Explore" time="27.814"/>
  <system-out/>
</testsuite> <!-- com.qa.testscripts.TC_GT_ExploreFunctionality_ValidData_001 -->
