<?xml version="1.0" encoding="UTF-8"?>
<!-- Generated by org.testng.reporters.JUnitReportReporter -->
<testsuite hostname="CFLNAVALUR4917" failures="0" tests="4" name="com.qa.testscripts.TC_Google_Travel_002" time="43.239" errors="0" timestamp="2023-11-21T15:19:53 IST" skipped="0">
  <testcase classname="com.qa.testscripts.TC_Google_Travel_002" name="main" time="2.028"/>
  <system-out/>
  <testcase classname="com.qa.testscripts.TC_Google_Travel_002" name="SearchFunctionality" time="7.249"/>
  <system-out/>
  <testcase classname="com.qa.testscripts.TC_Google_Travel_002" name="city" time="12.417"/>
  <system-out/>
  <testcase classname="com.qa.testscripts.TC_Google_Travel_002" name="CityLink" time="21.545"/>
  <system-out/>
</testsuite> <!-- com.qa.testscripts.TC_Google_Travel_002 -->
