<?xml version="1.0" encoding="UTF-8"?>
<!-- Generated by org.testng.reporters.JUnitReportReporter -->
<testsuite hostname="pulceon1809" failures="0" tests="1" name="com.qa.testscripts.TC_GT_SearchFunctionality_InvalidData_002" time="10.104" errors="0" timestamp="2024-07-08T17:05:01 IST" skipped="0">
  <testcase classname="com.qa.testscripts.TC_GT_SearchFunctionality_InvalidData_002" name="main" time="10.104"/>
  <system-out/>
</testsuite> <!-- com.qa.testscripts.TC_GT_SearchFunctionality_InvalidData_002 -->
