<?xml version="1.0" encoding="UTF-8"?>
<!-- Generated by org.testng.reporters.JUnitReportReporter -->
<testsuite hostname="CFLNAVALUR4917" failures="0" tests="4" name="com.qa.testscripts.TC_Google_Travel_006" time="58.404" errors="0" timestamp="2023-11-24T10:52:05 IST" skipped="0">
  <testcase classname="com.qa.testscripts.TC_Google_Travel_006" name="main" time="5.016"/>
  <system-out/>
  <testcase classname="com.qa.testscripts.TC_Google_Travel_006" name="Flights" time="21.658"/>
  <system-out/>
  <testcase classname="com.qa.testscripts.TC_Google_Travel_006" name="FlightsFromTo" time="12.398"/>
  <system-out/>
  <testcase classname="com.qa.testscripts.TC_Google_Travel_006" name="FlightDates" time="19.332"/>
  <system-out/>
</testsuite> <!-- com.qa.testscripts.TC_Google_Travel_006 -->
