<?xml version="1.0" encoding="UTF-8"?>
<!-- Generated by org.testng.reporters.JUnitReportReporter -->
<testsuite hostname="CFLNAVALUR4917" failures="0" tests="1" name="com.qa.testscripts.TC_Google_Travel_011" time="10.416" errors="0" timestamp="2023-11-22T11:43:39 IST" skipped="0">
  <testcase classname="com.qa.testscripts.TC_Google_Travel_011" name="main" time="10.416"/>
  <system-out/>
</testsuite> <!-- com.qa.testscripts.TC_Google_Travel_011 -->
